<?xml version="1.0" encoding="UTF-8" ?>
<testsuite tests="8" failures="0" name="com.finmind.premium.TestQuote" time="0.15" errors="0" skipped="0">
  <properties>
[...]
</properties>
  <testcase classname="com.finmind.premium.TestQuote" name="testGetQuoteResults" time="0.071"/>
  <testcase classname="com.finmind.premium.TestQuote" name="testPickTopAdjustedPremiumWithRequiredOptions" time="0.017"/>
  <testcase classname="com.finmind.premium.TestQuote" name="testProcessAge" time="0.014"/>
  <testcase classname="com.finmind.premium.TestQuote" name="testProcessRequest" time="0.011"/>
  <testcase classname="com.finmind.premium.TestQuote" name="testGetUncoveredOptions" time="0.01"/>
  <testcase classname="com.finmind.premium.TestQuote" name="testPickTopAdjustedPremium" time="0.009"/>
  <testcase classname="com.finmind.premium.TestQuote" name="testAdjustPremium" time="0.01"/>
  <testcase classname="com.finmind.premium.TestQuote" name="testProcessPremiumClass" time="0.008"/>
</testsuite>